<?xml version="1.0" encoding="UTF-8"?>
<!-- Generated by org.testng.reporters.JUnitXMLReporter -->
<testsuite hostname="DESKTOP-FU9GF5N" ignored="0" name="Default test" tests="5" failures="0" timestamp="2019-11-10T21:10:41 IST" time="92.129" errors="0">
  <testcase name="acceptAlert" time="0.115" classname="SeleniumTests.SeleniumEssentials"/>
  <testcase name="gotoHomePage" time="0.216" classname="SeleniumTests.SeleniumEssentials"/>
  <testcase name="switchWindow" time="4.301" classname="SeleniumTests.SeleniumEssentials"/>
  <testcase name="Go2CompleteForm" time="10.482" classname="SeleniumTests.SeleniumEssentials"/>
  <testcase name="FilltheForm" time="12.029" classname="SeleniumTests.SeleniumEssentials"/>
</testsuite> <!-- Default test -->
