<?xml version="1.0" encoding="UTF-8"?>
<!-- Generated by org.testng.reporters.JUnitXMLReporter -->
<testsuite hostname="DESKTOP-FU9GF5N" ignored="0" name="Regression1" tests="5" failures="0" timestamp="2019-11-10T21:14:06 IST" time="92.564" errors="0">
  <testcase name="acceptAlert" time="0.235" classname="SeleniumTests.SeleniumEssentials"/>
  <testcase name="gotoHomePage" time="0.123" classname="SeleniumTests.SeleniumEssentials"/>
  <testcase name="switchWindow" time="4.183" classname="SeleniumTests.SeleniumEssentials"/>
  <testcase name="Go2CompleteForm" time="10.592" classname="SeleniumTests.SeleniumEssentials"/>
  <testcase name="FilltheForm" time="12.172" classname="SeleniumTests.SeleniumEssentials"/>
</testsuite> <!-- Regression1 -->
